<?xml version="1.0" encoding="UTF-8"?>
<testng-results ignored="0" total="2" passed="2" failed="0" skipped="0">
  <reporter-output>
  </reporter-output>
  <suite started-at="2025-03-11T09:34:25 IST" name="Suite" finished-at="2025-03-11T09:34:55 IST" duration-ms="30208">
    <groups>
    </groups>
    <test started-at="2025-03-11T09:34:25 IST" name="Test" finished-at="2025-03-11T09:34:55 IST" duration-ms="30208">
      <class name="TestCaseDemo.Test1">
        <test-method is-config="true" signature="Open()[pri:0, instance:TestCaseDemo.Test1@2474f125]" started-at="2025-03-11T09:34:25 IST" name="Open" finished-at="2025-03-11T09:34:34 IST" duration-ms="8472" status="PASS">
          <reporter-output>
          </reporter-output>
        </test-method> <!-- Open -->
        <test-method signature="Title(java.lang.String)[pri:1, instance:TestCaseDemo.Test1@2474f125]" started-at="2025-03-11T09:34:34 IST" name="Title" data-provider="param" finished-at="2025-03-11T09:34:44 IST" duration-ms="10050" status="PASS">
          <params>
            <param index="0">
              <value>
                <![CDATA[OrangeHRM]]>
              </value>
            </param>
          </params>
          <reporter-output>
          </reporter-output>
        </test-method> <!-- Title -->
        <test-method is-config="true" signature="Close()[pri:0, instance:TestCaseDemo.Test1@2474f125]" started-at="2025-03-11T09:34:44 IST" name="Close" finished-at="2025-03-11T09:34:44 IST" duration-ms="307" status="PASS">
          <reporter-output>
          </reporter-output>
        </test-method> <!-- Close -->
      </class> <!-- TestCaseDemo.Test1 -->
      <class name="TestCaseDemo.TestdataFromExcel">
        <test-method is-config="true" signature="Open()[pri:0, instance:TestCaseDemo.TestdataFromExcel@41005828]" started-at="2025-03-11T09:34:45 IST" name="Open" finished-at="2025-03-11T09:34:50 IST" duration-ms="4605" status="PASS">
          <reporter-output>
          </reporter-output>
        </test-method> <!-- Open -->
        <test-method signature="Testloginbutton(java.lang.String,java.lang.String,java.lang.String)[pri:0, instance:TestCaseDemo.TestdataFromExcel@41005828]" started-at="2025-03-11T09:34:50 IST" name="Testloginbutton" data-provider="dp1" finished-at="2025-03-11T09:34:55 IST" duration-ms="5276" status="PASS">
          <params>
            <param index="0">
              <value>
                <![CDATA[Admin]]>
              </value>
            </param>
            <param index="1">
              <value>
                <![CDATA[admin123]]>
              </value>
            </param>
            <param index="2">
              <value>
                <![CDATA[Leave]]>
              </value>
            </param>
          </params>
          <reporter-output>
          </reporter-output>
        </test-method> <!-- Testloginbutton -->
        <test-method is-config="true" signature="Close()[pri:0, instance:TestCaseDemo.TestdataFromExcel@41005828]" started-at="2025-03-11T09:34:55 IST" name="Close" finished-at="2025-03-11T09:34:55 IST" duration-ms="260" status="PASS">
          <reporter-output>
          </reporter-output>
        </test-method> <!-- Close -->
      </class> <!-- TestCaseDemo.TestdataFromExcel -->
    </test> <!-- Test -->
  </suite> <!-- Suite -->
</testng-results>
